SF:lib/src/features/authentication/data/fake_auth_repository.dart
DA:8,3
DA:9,3
DA:11,1
DA:13,1
DA:14,1
DA:18,1
DA:19,1
DA:20,1
DA:24,1
DA:27,2
DA:30,3
DA:32,1
DA:33,3
DA:34,3
DA:40,0
DA:41,0
DA:42,0
DA:46,0
DA:47,0
DA:48,0
LF:20
LH:14
end_of_record
SF:lib/src/features/products/data/fake_products_repository.dart
DA:8,1
DA:9,1
DA:12,1
DA:13,5
DA:16,1
DA:18,2
DA:21,1
DA:23,1
DA:26,1
DA:27,1
DA:28,6
DA:32,0
DA:33,0
DA:36,0
DA:37,0
DA:38,0
DA:41,0
DA:42,0
DA:43,0
DA:46,0
DA:47,0
DA:48,0
LF:22
LH:11
end_of_record
SF:lib/src/features/products/domain/product.dart
DA:7,1
DA:28,0
DA:38,0
DA:39,0
DA:40,0
DA:41,0
DA:42,0
DA:43,0
DA:44,0
DA:45,0
DA:46,0
DA:50,1
DA:52,9
DA:55,1
DA:59,0
DA:60,0
DA:61,0
DA:62,0
DA:63,0
DA:64,0
DA:65,0
DA:66,0
DA:69,1
DA:71,3
DA:72,3
DA:73,3
DA:74,3
DA:75,3
DA:76,3
DA:77,3
DA:78,2
LF:31
LH:13
end_of_record
SF:lib/src/features/authentication/domain/app_user.dart
DA:4,1
DA:11,1
DA:12,3
DA:14,0
DA:18,0
DA:19,0
DA:20,0
DA:24,1
DA:28,6
DA:31,1
DA:32,5
LF:11
LH:7
end_of_record
SF:lib/src/utils/in_memory_store.dart
DA:6,2
DA:12,3
DA:15,3
DA:18,3
DA:21,3
LF:5
LH:5
end_of_record
SF:lib/src/features/authentication/presentation/account/account_screen_controller.dart
DA:5,2
DA:8,1
DA:9,1
DA:10,5
DA:14,0
DA:15,0
DA:16,0
DA:17,0
LF:8
LH:4
end_of_record
